<?xml version="1.0" encoding="UTF-8"?>
<testng-results ignored="0" total="1" passed="1" failed="0" skipped="0">
  <reporter-output>
  </reporter-output>
  <suite started-at="2021-07-29T14:07:27 EDT" name="Surefire suite" finished-at="2021-07-29T14:07:35 EDT" duration-ms="8205">
    <groups>
      <group name="cucumber">
        <method signature="AbstractTestNGCucumberTests.feature(cucumber.api.testng.CucumberFeatureWrapper)[pri:0, instance:com.framework.TestRunner.TestRunner@5fe94a96]" name="feature" class="cucumber.api.testng.AbstractTestNGCucumberTests"/>
      </group> <!-- cucumber -->
    </groups>
    <test started-at="2021-07-29T14:07:27 EDT" name="Surefire test" finished-at="2021-07-29T14:07:35 EDT" duration-ms="8205">
      <class name="com.framework.TestRunner.TestRunner">
        <test-method is-config="true" signature="launchAppURL()[pri:0, instance:com.framework.TestRunner.TestRunner@5fe94a96]" started-at="2021-07-29T14:07:27 EDT" name="launchAppURL" finished-at="2021-07-29T14:07:29 EDT" duration-ms="2454" status="PASS">
          <reporter-output>
          </reporter-output>
        </test-method> <!-- launchAppURL -->
        <test-method is-config="true" signature="setUpClass()[pri:0, instance:com.framework.TestRunner.TestRunner@5fe94a96]" started-at="2021-07-29T14:07:29 EDT" name="setUpClass" finished-at="2021-07-29T14:07:29 EDT" duration-ms="176" status="PASS">
          <reporter-output>
          </reporter-output>
        </test-method> <!-- setUpClass -->
        <test-method signature="feature(cucumber.api.testng.CucumberFeatureWrapper)[pri:0, instance:com.framework.TestRunner.TestRunner@5fe94a96]" started-at="2021-07-29T14:07:29 EDT" name="feature" description="Runs Cucumber Feature" data-provider="features" finished-at="2021-07-29T14:07:34 EDT" duration-ms="4824" status="PASS">
          <params>
            <param index="0">
              <value>
                <![CDATA[Home Page]]>
              </value>
            </param>
          </params>
          <reporter-output>
          </reporter-output>
        </test-method> <!-- feature -->
        <test-method is-config="true" signature="tearDownClass()[pri:0, instance:com.framework.TestRunner.TestRunner@5fe94a96]" started-at="2021-07-29T14:07:34 EDT" name="tearDownClass" finished-at="2021-07-29T14:07:34 EDT" duration-ms="5" status="PASS">
          <reporter-output>
          </reporter-output>
        </test-method> <!-- tearDownClass -->
        <test-method is-config="true" signature="closeAppURL()[pri:0, instance:com.framework.TestRunner.TestRunner@5fe94a96]" started-at="2021-07-29T14:07:34 EDT" name="closeAppURL" finished-at="2021-07-29T14:07:35 EDT" duration-ms="661" status="PASS">
          <reporter-output>
          </reporter-output>
        </test-method> <!-- closeAppURL -->
      </class> <!-- com.framework.TestRunner.TestRunner -->
    </test> <!-- Surefire test -->
  </suite> <!-- Surefire suite -->
</testng-results>
