<?xml version="1.0" encoding="UTF-8"?>
<testng-results ignored="0" total="1" passed="1" failed="0" skipped="0">
  <reporter-output>
  </reporter-output>
  <suite started-at="2021-08-01T07:53:58 EDT" name="Default suite" finished-at="2021-08-01T07:54:07 EDT" duration-ms="8848">
    <groups>
      <group name="cucumber">
        <method signature="AbstractTestNGCucumberTests.feature(cucumber.api.testng.CucumberFeatureWrapper)[pri:0, instance:com.framework.TestRunner.TestRunner@3a6bb9bf]" name="feature" class="cucumber.api.testng.AbstractTestNGCucumberTests"/>
      </group> <!-- cucumber -->
    </groups>
    <test started-at="2021-08-01T07:53:58 EDT" name="Default test" finished-at="2021-08-01T07:54:07 EDT" duration-ms="8848">
      <class name="com.framework.TestRunner.TestRunner">
        <test-method is-config="true" signature="launchAppURL()[pri:0, instance:com.framework.TestRunner.TestRunner@3a6bb9bf]" started-at="2021-08-01T07:53:58 EDT" name="launchAppURL" finished-at="2021-08-01T07:54:01 EDT" duration-ms="2227" status="PASS">
          <reporter-output>
          </reporter-output>
        </test-method> <!-- launchAppURL -->
        <test-method is-config="true" signature="setUpClass()[pri:0, instance:com.framework.TestRunner.TestRunner@3a6bb9bf]" started-at="2021-08-01T07:54:01 EDT" name="setUpClass" finished-at="2021-08-01T07:54:01 EDT" duration-ms="157" status="PASS">
          <reporter-output>
          </reporter-output>
        </test-method> <!-- setUpClass -->
        <test-method signature="feature(cucumber.api.testng.CucumberFeatureWrapper)[pri:0, instance:com.framework.TestRunner.TestRunner@3a6bb9bf]" started-at="2021-08-01T07:54:01 EDT" name="feature" description="Runs Cucumber Feature" data-provider="features" finished-at="2021-08-01T07:54:07 EDT" duration-ms="5673" status="PASS">
          <params>
            <param index="0">
              <value>
                <![CDATA[Home Page]]>
              </value>
            </param>
          </params>
          <reporter-output>
          </reporter-output>
        </test-method> <!-- feature -->
        <test-method is-config="true" signature="tearDownClass()[pri:0, instance:com.framework.TestRunner.TestRunner@3a6bb9bf]" started-at="2021-08-01T07:54:07 EDT" name="tearDownClass" finished-at="2021-08-01T07:54:07 EDT" duration-ms="7" status="PASS">
          <reporter-output>
          </reporter-output>
        </test-method> <!-- tearDownClass -->
        <test-method is-config="true" signature="closeAppURL()[pri:0, instance:com.framework.TestRunner.TestRunner@3a6bb9bf]" started-at="2021-08-01T07:54:07 EDT" name="closeAppURL" finished-at="2021-08-01T07:54:07 EDT" duration-ms="685" status="PASS">
          <reporter-output>
          </reporter-output>
        </test-method> <!-- closeAppURL -->
      </class> <!-- com.framework.TestRunner.TestRunner -->
    </test> <!-- Default test -->
  </suite> <!-- Default suite -->
</testng-results>
